<?xml version="1.0" encoding="UTF-8"?>
<testsuite xmlns:xsi="http://www.w3.org/2001/XMLSchema-instance" xsi:noNamespaceSchemaLocation="https://maven.apache.org/surefire/maven-surefire-plugin/xsd/surefire-test-report.xsd" version="3.0.2" name="com.acme.orders.adapter.out.persistence.OrderPersistenceAdapterTest" time="2.457" tests="9" errors="0" skipped="0" failures="0">
  <properties>
[...]
</properties>
  <testcase name="versionAdvancesOnEveryWrite" classname="com.acme.orders.adapter.out.persistence.OrderPersistenceAdapterTest" time="0.348">
    <system-out><![CDATA[13:48:23.419 [main] INFO org.springframework.test.context.support.AnnotationConfigContextLoaderUtils -- Could not detect default configuration classes for test class [com.acme.orders.adapter.out.persistence.OrderPersistenceAdapterTest]: OrderPersistenceAdapterTest does not declare any static, non-private, non-final, nested classes annotated with @Configuration.
13:48:23.493 [main] INFO org.springframework.boot.test.context.SpringBootTestContextBootstrapper -- Found @SpringBootConfiguration com.acme.orders.adapter.out.persistence.PersistenceTestApplication for test class com.acme.orders.adapter.out.persistence.OrderPersistenceAdapterTest
13:48:23.495 [main] INFO org.springframework.test.context.support.AnnotationConfigContextLoaderUtils -- Could not detect default configuration classes for test class [com.acme.orders.adapter.out.persistence.OrderPersistenceAdapterTest]: OrderPersistenceAdapterTest does not declare any static, non-private, non-final, nested classes annotated with @Configuration.
13:48:23.506 [main] INFO org.springframework.boot.test.context.SpringBootTestContextBootstrapper -- Found @SpringBootConfiguration com.acme.orders.adapter.out.persistence.PersistenceTestApplication for test class com.acme.orders.adapter.out.persistence.OrderPersistenceAdapterTest

  .   ____          _            __ _ _
 /\\ / ___'_ __ _ _(_)_ __  __ _ \ \ \ \
( ( )\___ | '_ | '_| | '_ \/ _` | \ \ \ \
 \\/  ___)| |_)| | | | | || (_| |  ) ) ) )
  '  |____| .__|_| |_|_| |_\__, | / / / /
 =========|_|==============|___/=/_/_/_/

 :: Spring Boot ::                (v4.1.1)

2026-09-12T13:48:23.674+07:00  INFO 8199 --- [           main] c.a.o.a.o.p.OrderPersistenceAdapterTest  : Starting OrderPersistenceAdapterTest using Java 25.0.4.1 with PID 8199 (started by tungle in /Users/tungle/Data/java.hexagonal.architecture/order-adapter-persistence)
2026-09-12T13:48:23.675+07:00  INFO 8199 --- [           main] c.a.o.a.o.p.OrderPersistenceAdapterTest  : No active profile set, falling back to 1 default profile: "default"
2026-09-12T13:48:23.834+07:00  INFO 8199 --- [           main] .s.d.r.c.RepositoryConfigurationDelegate : Bootstrapping Spring Data JPA repositories in DEFAULT mode.
2026-09-12T13:48:23.863+07:00  INFO 8199 --- [           main] .s.d.r.c.RepositoryConfigurationDelegate : Finished Spring Data repository scanning in 23 ms. Found 2 JPA repository interfaces.
2026-09-12T13:48:23.899+07:00  INFO 8199 --- [           main] beddedDataSourceBeanFactoryPostProcessor : Replacing 'dataSource' DataSource bean with embedded version
2026-09-12T13:48:23.966+07:00  INFO 8199 --- [           main] o.s.j.d.e.EmbeddedDatabaseFactory        : Starting embedded database: url='jdbc:h2:mem:534bfbfb-7a96-4868-881f-8b9d87b077fe;DB_CLOSE_DELAY=-1;DB_CLOSE_ON_EXIT=false', username='sa'
2026-09-12T13:48:24.120+07:00  INFO 8199 --- [           main] org.hibernate.orm.jpa                    : HHH008540: Processing PersistenceUnitInfo [name: default]
2026-09-12T13:48:24.154+07:00  INFO 8199 --- [           main] org.hibernate.orm.core                   : HHH000001: Hibernate ORM core version 7.4.5.Final
2026-09-12T13:48:24.366+07:00  INFO 8199 --- [           main] o.s.o.j.p.SpringPersistenceUnitInfo      : No LoadTimeWeaver setup: ignoring JPA class transformer
2026-09-12T13:48:24.410+07:00  INFO 8199 --- [           main] org.hibernate.orm.connections.pooling    : HHH10001005: Database info:
	Database JDBC URL [jdbc:h2:mem:534bfbfb-7a96-4868-881f-8b9d87b077fe]
	Database driver: H2 JDBC Driver
	Database dialect: H2Dialect
	Database version: 2.4.240
	Default catalog/schema: 534BFBFB-7A96-4868-881F-8B9D87B077FE/PUBLIC
	Autocommit mode: undefined/unknown
	Isolation level: READ_COMMITTED [default READ_COMMITTED]
	JDBC fetch size: 100
	Pool: DataSourceConnectionProvider
	Minimum pool size: undefined/unknown
	Maximum pool size: undefined/unknown
2026-09-12T13:48:24.924+07:00  INFO 8199 --- [           main] org.hibernate.orm.core                   : HHH000489: No JTA platform available (set 'hibernate.transaction.jta.platform' to enable JTA platform integration)
Hibernate: drop table if exists order_lines cascade 
Hibernate: drop table if exists orders cascade 
Hibernate: drop table if exists outbox_messages cascade 
Hibernate: create table order_lines (quantity integer not null, unit_price numeric(19,4) not null, id uuid not null, order_id uuid not null, product_id uuid not null, product_name varchar(255) not null, primary key (id))
Hibernate: create table orders (country_code varchar(2) not null, currency varchar(3) not null, discount_amount numeric(19,4) not null, total_amount numeric(19,4) not null, cancelled_at timestamp(6) with time zone, created_at timestamp(6) with time zone not null, paid_at timestamp(6) with time zone, placed_at timestamp(6) with time zone, shipped_at timestamp(6) with time zone, version bigint not null, customer_id uuid not null, id uuid not null, postal_code varchar(32) not null, status varchar(32) not null, city varchar(128) not null, payment_reference varchar(128), tracking_number varchar(128), cancellation_reason varchar(512), street varchar(255) not null, primary key (id))
Hibernate: create table outbox_messages (attempts integer not null, occurred_at timestamp(6) with time zone not null, published_at timestamp(6) with time zone, id uuid not null, aggregate_id varchar(64) not null, aggregate_type varchar(64) not null, event_type varchar(128) not null, last_error varchar(1024), payload varchar(8192) not null, primary key (id))
Hibernate: alter table if exists order_lines add constraint FK1smc0s578t2oih21yn9hw6usr foreign key (order_id) references orders
2026-09-12T13:48:24.947+07:00  INFO 8199 --- [           main] j.LocalContainerEntityManagerFactoryBean : Initialized JPA EntityManagerFactory for persistence unit 'default'
2026-09-12T13:48:24.992+07:00  INFO 8199 --- [           main] o.s.d.j.r.query.QueryEnhancerFactories   : Hibernate is in classpath; If applicable, HQL parser will be used.
2026-09-12T13:48:25.161+07:00  INFO 8199 --- [           main] c.a.o.a.o.p.OrderPersistenceAdapterTest  : Started OrderPersistenceAdapterTest in 1.622 seconds (process running for 2.227)
Hibernate: select oje1_0.id,oje1_0.cancellation_reason,oje1_0.cancelled_at,oje1_0.city,oje1_0.country_code,oje1_0.created_at,oje1_0.currency,oje1_0.customer_id,oje1_0.discount_amount,oje1_0.paid_at,oje1_0.payment_reference,oje1_0.placed_at,oje1_0.postal_code,oje1_0.shipped_at,oje1_0.status,oje1_0.street,oje1_0.total_amount,oje1_0.tracking_number,oje1_0.version,l1_0.order_id,l1_0.id,l1_0.product_id,l1_0.product_name,l1_0.quantity,l1_0.unit_price from orders oje1_0 left join order_lines l1_0 on oje1_0.id=l1_0.order_id where oje1_0.id=?
Hibernate: insert into orders (cancellation_reason,cancelled_at,city,country_code,created_at,currency,customer_id,discount_amount,paid_at,payment_reference,placed_at,postal_code,shipped_at,status,street,total_amount,tracking_number,version,id) values (?,?,?,?,?,?,?,?,?,?,?,?,?,?,?,?,?,?,?)
Hibernate: insert into order_lines (order_id,product_id,product_name,quantity,unit_price,id) values (?,?,?,?,?,?)
Hibernate: insert into order_lines (order_id,product_id,product_name,quantity,unit_price,id) values (?,?,?,?,?,?)
Hibernate: update order_lines set order_id=? where id=?
Hibernate: update order_lines set order_id=? where id=?
Hibernate: select oje1_0.id,oje1_0.cancellation_reason,oje1_0.cancelled_at,oje1_0.city,oje1_0.country_code,oje1_0.created_at,oje1_0.currency,oje1_0.customer_id,oje1_0.discount_amount,oje1_0.paid_at,oje1_0.payment_reference,oje1_0.placed_at,oje1_0.postal_code,oje1_0.shipped_at,oje1_0.status,oje1_0.street,oje1_0.total_amount,oje1_0.tracking_number,oje1_0.version,l1_0.order_id,l1_0.id,l1_0.product_id,l1_0.product_name,l1_0.quantity,l1_0.unit_price from orders oje1_0 left join order_lines l1_0 on oje1_0.id=l1_0.order_id where oje1_0.id=?
Hibernate: update order_lines set product_id=?,product_name=?,quantity=?,unit_price=? where id=?
Hibernate: update orders set cancellation_reason=?,cancelled_at=?,city=?,country_code=?,created_at=?,currency=?,customer_id=?,discount_amount=?,paid_at=?,payment_reference=?,placed_at=?,postal_code=?,shipped_at=?,status=?,street=?,total_amount=?,tracking_number=?,version=? where id=? and version=?
]]></system-out>
    <system-err><![CDATA[Mockito is currently self-attaching to enable the inline-mock-maker. This will no longer work in future releases of the JDK. Please add Mockito as an agent to your build as described in Mockito's documentation: https://javadoc.io/doc/org.mockito/mockito-core/latest/org.mockito/org/mockito/Mockito.html#0.3
WARNING: A Java agent has been loaded dynamically (/Users/tungle/.m2/repository/net/bytebuddy/byte-buddy-agent/1.18.11/byte-buddy-agent-1.18.11.jar)
WARNING: If a serviceability tool is in use, please run with -XX:+EnableDynamicAgentLoading to hide this warning
WARNING: If a serviceability tool is not in use, please run with -Djdk.instrument.traceUsage for more information
WARNING: Dynamic loading of agents will be disallowed by default in a future release
]]></system-err>
  </testcase>
  <testcase name="pagingReportsMorePages" classname="com.acme.orders.adapter.out.persistence.OrderPersistenceAdapterTest" time="0.197">
    <system-out><![CDATA[Hibernate: select oje1_0.id,oje1_0.cancellation_reason,oje1_0.cancelled_at,oje1_0.city,oje1_0.country_code,oje1_0.created_at,oje1_0.currency,oje1_0.customer_id,oje1_0.discount_amount,oje1_0.paid_at,oje1_0.payment_reference,oje1_0.placed_at,oje1_0.postal_code,oje1_0.shipped_at,oje1_0.status,oje1_0.street,oje1_0.total_amount,oje1_0.tracking_number,oje1_0.version,l1_0.order_id,l1_0.id,l1_0.product_id,l1_0.product_name,l1_0.quantity,l1_0.unit_price from orders oje1_0 left join order_lines l1_0 on oje1_0.id=l1_0.order_id where oje1_0.id=?
Hibernate: insert into orders (cancellation_reason,cancelled_at,city,country_code,created_at,currency,customer_id,discount_amount,paid_at,payment_reference,placed_at,postal_code,shipped_at,status,street,total_amount,tracking_number,version,id) values (?,?,?,?,?,?,?,?,?,?,?,?,?,?,?,?,?,?,?)
Hibernate: select oje1_0.id,oje1_0.cancellation_reason,oje1_0.cancelled_at,oje1_0.city,oje1_0.country_code,oje1_0.created_at,oje1_0.currency,oje1_0.customer_id,oje1_0.discount_amount,oje1_0.paid_at,oje1_0.payment_reference,oje1_0.placed_at,oje1_0.postal_code,oje1_0.shipped_at,oje1_0.status,oje1_0.street,oje1_0.total_amount,oje1_0.tracking_number,oje1_0.version,l1_0.order_id,l1_0.id,l1_0.product_id,l1_0.product_name,l1_0.quantity,l1_0.unit_price from orders oje1_0 left join order_lines l1_0 on oje1_0.id=l1_0.order_id where oje1_0.id=?
Hibernate: insert into orders (cancellation_reason,cancelled_at,city,country_code,created_at,currency,customer_id,discount_amount,paid_at,payment_reference,placed_at,postal_code,shipped_at,status,street,total_amount,tracking_number,version,id) values (?,?,?,?,?,?,?,?,?,?,?,?,?,?,?,?,?,?,?)
Hibernate: select oje1_0.id,oje1_0.cancellation_reason,oje1_0.cancelled_at,oje1_0.city,oje1_0.country_code,oje1_0.created_at,oje1_0.currency,oje1_0.customer_id,oje1_0.discount_amount,oje1_0.paid_at,oje1_0.payment_reference,oje1_0.placed_at,oje1_0.postal_code,oje1_0.shipped_at,oje1_0.status,oje1_0.street,oje1_0.total_amount,oje1_0.tracking_number,oje1_0.version,l1_0.order_id,l1_0.id,l1_0.product_id,l1_0.product_name,l1_0.quantity,l1_0.unit_price from orders oje1_0 left join order_lines l1_0 on oje1_0.id=l1_0.order_id where oje1_0.id=?
Hibernate: insert into orders (cancellation_reason,cancelled_at,city,country_code,created_at,currency,customer_id,discount_amount,paid_at,payment_reference,placed_at,postal_code,shipped_at,status,street,total_amount,tracking_number,version,id) values (?,?,?,?,?,?,?,?,?,?,?,?,?,?,?,?,?,?,?)
Hibernate: select oje1_0.id,oje1_0.cancellation_reason,oje1_0.cancelled_at,oje1_0.city,oje1_0.country_code,oje1_0.created_at,oje1_0.currency,oje1_0.customer_id,oje1_0.discount_amount,oje1_0.paid_at,oje1_0.payment_reference,oje1_0.placed_at,oje1_0.postal_code,oje1_0.shipped_at,oje1_0.status,oje1_0.street,oje1_0.total_amount,oje1_0.tracking_number,oje1_0.version from orders oje1_0 where oje1_0.customer_id=? order by oje1_0.created_at desc fetch first ? rows only
Hibernate: select l1_0.order_id,l1_0.id,l1_0.product_id,l1_0.product_name,l1_0.quantity,l1_0.unit_price from order_lines l1_0 where l1_0.order_id=?
Hibernate: select l1_0.order_id,l1_0.id,l1_0.product_id,l1_0.product_name,l1_0.quantity,l1_0.unit_price from order_lines l1_0 where l1_0.order_id=?
Hibernate: select count(*) from orders oje1_0 where oje1_0.customer_id=?
]]></system-out>
  </testcase>
  <testcase name="removedLinesAreDeleted" classname="com.acme.orders.adapter.out.persistence.OrderPersistenceAdapterTest" time="0.013">
    <system-out><![CDATA[Hibernate: select oje1_0.id,oje1_0.cancellation_reason,oje1_0.cancelled_at,oje1_0.city,oje1_0.country_code,oje1_0.created_at,oje1_0.currency,oje1_0.customer_id,oje1_0.discount_amount,oje1_0.paid_at,oje1_0.payment_reference,oje1_0.placed_at,oje1_0.postal_code,oje1_0.shipped_at,oje1_0.status,oje1_0.street,oje1_0.total_amount,oje1_0.tracking_number,oje1_0.version,l1_0.order_id,l1_0.id,l1_0.product_id,l1_0.product_name,l1_0.quantity,l1_0.unit_price from orders oje1_0 left join order_lines l1_0 on oje1_0.id=l1_0.order_id where oje1_0.id=?
Hibernate: insert into orders (cancellation_reason,cancelled_at,city,country_code,created_at,currency,customer_id,discount_amount,paid_at,payment_reference,placed_at,postal_code,shipped_at,status,street,total_amount,tracking_number,version,id) values (?,?,?,?,?,?,?,?,?,?,?,?,?,?,?,?,?,?,?)
Hibernate: insert into order_lines (order_id,product_id,product_name,quantity,unit_price,id) values (?,?,?,?,?,?)
Hibernate: insert into order_lines (order_id,product_id,product_name,quantity,unit_price,id) values (?,?,?,?,?,?)
Hibernate: update order_lines set order_id=? where id=?
Hibernate: update order_lines set order_id=? where id=?
Hibernate: select oje1_0.id,oje1_0.cancellation_reason,oje1_0.cancelled_at,oje1_0.city,oje1_0.country_code,oje1_0.created_at,oje1_0.currency,oje1_0.customer_id,oje1_0.discount_amount,oje1_0.paid_at,oje1_0.payment_reference,oje1_0.placed_at,oje1_0.postal_code,oje1_0.shipped_at,oje1_0.status,oje1_0.street,oje1_0.total_amount,oje1_0.tracking_number,oje1_0.version,l1_0.order_id,l1_0.id,l1_0.product_id,l1_0.product_name,l1_0.quantity,l1_0.unit_price from orders oje1_0 left join order_lines l1_0 on oje1_0.id=l1_0.order_id where oje1_0.id=?
Hibernate: update orders set cancellation_reason=?,cancelled_at=?,city=?,country_code=?,created_at=?,currency=?,customer_id=?,discount_amount=?,paid_at=?,payment_reference=?,placed_at=?,postal_code=?,shipped_at=?,status=?,street=?,total_amount=?,tracking_number=?,version=? where id=? and version=?
Hibernate: delete from order_lines where id=?
Hibernate: select oje1_0.id,oje1_0.cancellation_reason,oje1_0.cancelled_at,oje1_0.city,oje1_0.country_code,oje1_0.created_at,oje1_0.currency,oje1_0.customer_id,oje1_0.discount_amount,oje1_0.paid_at,oje1_0.payment_reference,oje1_0.placed_at,oje1_0.postal_code,oje1_0.shipped_at,oje1_0.status,oje1_0.street,oje1_0.total_amount,oje1_0.tracking_number,oje1_0.version,l1_0.order_id,l1_0.id,l1_0.product_id,l1_0.product_name,l1_0.quantity,l1_0.unit_price from orders oje1_0 left join order_lines l1_0 on oje1_0.id=l1_0.order_id where oje1_0.id=?
]]></system-out>
  </testcase>
  <testcase name="readSideProjection" classname="com.acme.orders.adapter.out.persistence.OrderPersistenceAdapterTest" time="0.011">
    <system-out><![CDATA[Hibernate: select oje1_0.id,oje1_0.cancellation_reason,oje1_0.cancelled_at,oje1_0.city,oje1_0.country_code,oje1_0.created_at,oje1_0.currency,oje1_0.customer_id,oje1_0.discount_amount,oje1_0.paid_at,oje1_0.payment_reference,oje1_0.placed_at,oje1_0.postal_code,oje1_0.shipped_at,oje1_0.status,oje1_0.street,oje1_0.total_amount,oje1_0.tracking_number,oje1_0.version,l1_0.order_id,l1_0.id,l1_0.product_id,l1_0.product_name,l1_0.quantity,l1_0.unit_price from orders oje1_0 left join order_lines l1_0 on oje1_0.id=l1_0.order_id where oje1_0.id=?
Hibernate: insert into orders (cancellation_reason,cancelled_at,city,country_code,created_at,currency,customer_id,discount_amount,paid_at,payment_reference,placed_at,postal_code,shipped_at,status,street,total_amount,tracking_number,version,id) values (?,?,?,?,?,?,?,?,?,?,?,?,?,?,?,?,?,?,?)
Hibernate: insert into order_lines (order_id,product_id,product_name,quantity,unit_price,id) values (?,?,?,?,?,?)
Hibernate: insert into order_lines (order_id,product_id,product_name,quantity,unit_price,id) values (?,?,?,?,?,?)
Hibernate: update order_lines set order_id=? where id=?
Hibernate: update order_lines set order_id=? where id=?
Hibernate: select oje1_0.id,oje1_0.cancellation_reason,oje1_0.cancelled_at,oje1_0.city,oje1_0.country_code,oje1_0.created_at,oje1_0.currency,oje1_0.customer_id,oje1_0.discount_amount,oje1_0.paid_at,oje1_0.payment_reference,oje1_0.placed_at,oje1_0.postal_code,oje1_0.shipped_at,oje1_0.status,oje1_0.street,oje1_0.total_amount,oje1_0.tracking_number,oje1_0.version,l1_0.order_id,l1_0.id,l1_0.product_id,l1_0.product_name,l1_0.quantity,l1_0.unit_price from orders oje1_0 left join order_lines l1_0 on oje1_0.id=l1_0.order_id where oje1_0.id=?
]]></system-out>
  </testcase>
  <testcase name="quantityChangesUpdateInPlace" classname="com.acme.orders.adapter.out.persistence.OrderPersistenceAdapterTest" time="0.008">
    <system-out><![CDATA[Hibernate: select oje1_0.id,oje1_0.cancellation_reason,oje1_0.cancelled_at,oje1_0.city,oje1_0.country_code,oje1_0.created_at,oje1_0.currency,oje1_0.customer_id,oje1_0.discount_amount,oje1_0.paid_at,oje1_0.payment_reference,oje1_0.placed_at,oje1_0.postal_code,oje1_0.shipped_at,oje1_0.status,oje1_0.street,oje1_0.total_amount,oje1_0.tracking_number,oje1_0.version,l1_0.order_id,l1_0.id,l1_0.product_id,l1_0.product_name,l1_0.quantity,l1_0.unit_price from orders oje1_0 left join order_lines l1_0 on oje1_0.id=l1_0.order_id where oje1_0.id=?
Hibernate: insert into orders (cancellation_reason,cancelled_at,city,country_code,created_at,currency,customer_id,discount_amount,paid_at,payment_reference,placed_at,postal_code,shipped_at,status,street,total_amount,tracking_number,version,id) values (?,?,?,?,?,?,?,?,?,?,?,?,?,?,?,?,?,?,?)
Hibernate: insert into order_lines (order_id,product_id,product_name,quantity,unit_price,id) values (?,?,?,?,?,?)
Hibernate: insert into order_lines (order_id,product_id,product_name,quantity,unit_price,id) values (?,?,?,?,?,?)
Hibernate: update order_lines set order_id=? where id=?
Hibernate: update order_lines set order_id=? where id=?
Hibernate: select oje1_0.id,oje1_0.cancellation_reason,oje1_0.cancelled_at,oje1_0.city,oje1_0.country_code,oje1_0.created_at,oje1_0.currency,oje1_0.customer_id,oje1_0.discount_amount,oje1_0.paid_at,oje1_0.payment_reference,oje1_0.placed_at,oje1_0.postal_code,oje1_0.shipped_at,oje1_0.status,oje1_0.street,oje1_0.total_amount,oje1_0.tracking_number,oje1_0.version,l1_0.order_id,l1_0.id,l1_0.product_id,l1_0.product_name,l1_0.quantity,l1_0.unit_price from orders oje1_0 left join order_lines l1_0 on oje1_0.id=l1_0.order_id where oje1_0.id=?
Hibernate: update order_lines set product_id=?,product_name=?,quantity=?,unit_price=? where id=?
Hibernate: update orders set cancellation_reason=?,cancelled_at=?,city=?,country_code=?,created_at=?,currency=?,customer_id=?,discount_amount=?,paid_at=?,payment_reference=?,placed_at=?,postal_code=?,shipped_at=?,status=?,street=?,total_amount=?,tracking_number=?,version=? where id=? and version=?
Hibernate: select oje1_0.id,oje1_0.cancellation_reason,oje1_0.cancelled_at,oje1_0.city,oje1_0.country_code,oje1_0.created_at,oje1_0.currency,oje1_0.customer_id,oje1_0.discount_amount,oje1_0.paid_at,oje1_0.payment_reference,oje1_0.placed_at,oje1_0.postal_code,oje1_0.shipped_at,oje1_0.status,oje1_0.street,oje1_0.total_amount,oje1_0.tracking_number,oje1_0.version,l1_0.order_id,l1_0.id,l1_0.product_id,l1_0.product_name,l1_0.quantity,l1_0.unit_price from orders oje1_0 left join order_lines l1_0 on oje1_0.id=l1_0.order_id where oje1_0.id=?
]]></system-out>
  </testcase>
  <testcase name="missingOrdersAreEmpty" classname="com.acme.orders.adapter.out.persistence.OrderPersistenceAdapterTest" time="0.004">
    <system-out><![CDATA[Hibernate: select oje1_0.id,oje1_0.cancellation_reason,oje1_0.cancelled_at,oje1_0.city,oje1_0.country_code,oje1_0.created_at,oje1_0.currency,oje1_0.customer_id,oje1_0.discount_amount,oje1_0.paid_at,oje1_0.payment_reference,oje1_0.placed_at,oje1_0.postal_code,oje1_0.shipped_at,oje1_0.status,oje1_0.street,oje1_0.total_amount,oje1_0.tracking_number,oje1_0.version,l1_0.order_id,l1_0.id,l1_0.product_id,l1_0.product_name,l1_0.quantity,l1_0.unit_price from orders oje1_0 left join order_lines l1_0 on oje1_0.id=l1_0.order_id where oje1_0.id=?
Hibernate: select oje1_0.id,oje1_0.cancellation_reason,oje1_0.cancelled_at,oje1_0.city,oje1_0.country_code,oje1_0.created_at,oje1_0.currency,oje1_0.customer_id,oje1_0.discount_amount,oje1_0.paid_at,oje1_0.payment_reference,oje1_0.placed_at,oje1_0.postal_code,oje1_0.shipped_at,oje1_0.status,oje1_0.street,oje1_0.total_amount,oje1_0.tracking_number,oje1_0.version,l1_0.order_id,l1_0.id,l1_0.product_id,l1_0.product_name,l1_0.quantity,l1_0.unit_price from orders oje1_0 left join order_lines l1_0 on oje1_0.id=l1_0.order_id where oje1_0.id=?
]]></system-out>
  </testcase>
  <testcase name="listsACustomersOrdersNewestFirst" classname="com.acme.orders.adapter.out.persistence.OrderPersistenceAdapterTest" time="0.009">
    <system-out><![CDATA[Hibernate: select oje1_0.id,oje1_0.cancellation_reason,oje1_0.cancelled_at,oje1_0.city,oje1_0.country_code,oje1_0.created_at,oje1_0.currency,oje1_0.customer_id,oje1_0.discount_amount,oje1_0.paid_at,oje1_0.payment_reference,oje1_0.placed_at,oje1_0.postal_code,oje1_0.shipped_at,oje1_0.status,oje1_0.street,oje1_0.total_amount,oje1_0.tracking_number,oje1_0.version,l1_0.order_id,l1_0.id,l1_0.product_id,l1_0.product_name,l1_0.quantity,l1_0.unit_price from orders oje1_0 left join order_lines l1_0 on oje1_0.id=l1_0.order_id where oje1_0.id=?
Hibernate: insert into orders (cancellation_reason,cancelled_at,city,country_code,created_at,currency,customer_id,discount_amount,paid_at,payment_reference,placed_at,postal_code,shipped_at,status,street,total_amount,tracking_number,version,id) values (?,?,?,?,?,?,?,?,?,?,?,?,?,?,?,?,?,?,?)
Hibernate: select oje1_0.id,oje1_0.cancellation_reason,oje1_0.cancelled_at,oje1_0.city,oje1_0.country_code,oje1_0.created_at,oje1_0.currency,oje1_0.customer_id,oje1_0.discount_amount,oje1_0.paid_at,oje1_0.payment_reference,oje1_0.placed_at,oje1_0.postal_code,oje1_0.shipped_at,oje1_0.status,oje1_0.street,oje1_0.total_amount,oje1_0.tracking_number,oje1_0.version,l1_0.order_id,l1_0.id,l1_0.product_id,l1_0.product_name,l1_0.quantity,l1_0.unit_price from orders oje1_0 left join order_lines l1_0 on oje1_0.id=l1_0.order_id where oje1_0.id=?
Hibernate: insert into orders (cancellation_reason,cancelled_at,city,country_code,created_at,currency,customer_id,discount_amount,paid_at,payment_reference,placed_at,postal_code,shipped_at,status,street,total_amount,tracking_number,version,id) values (?,?,?,?,?,?,?,?,?,?,?,?,?,?,?,?,?,?,?)
Hibernate: select oje1_0.id,oje1_0.cancellation_reason,oje1_0.cancelled_at,oje1_0.city,oje1_0.country_code,oje1_0.created_at,oje1_0.currency,oje1_0.customer_id,oje1_0.discount_amount,oje1_0.paid_at,oje1_0.payment_reference,oje1_0.placed_at,oje1_0.postal_code,oje1_0.shipped_at,oje1_0.status,oje1_0.street,oje1_0.total_amount,oje1_0.tracking_number,oje1_0.version from orders oje1_0 where oje1_0.customer_id=? order by oje1_0.created_at desc fetch first ? rows only
Hibernate: select l1_0.order_id,l1_0.id,l1_0.product_id,l1_0.product_name,l1_0.quantity,l1_0.unit_price from order_lines l1_0 where l1_0.order_id=?
Hibernate: select l1_0.order_id,l1_0.id,l1_0.product_id,l1_0.product_name,l1_0.quantity,l1_0.unit_price from order_lines l1_0 where l1_0.order_id=?
]]></system-out>
  </testcase>
  <testcase name="staleWritesAreRefused" classname="com.acme.orders.adapter.out.persistence.OrderPersistenceAdapterTest" time="0.011">
    <system-out><![CDATA[Hibernate: select oje1_0.id,oje1_0.cancellation_reason,oje1_0.cancelled_at,oje1_0.city,oje1_0.country_code,oje1_0.created_at,oje1_0.currency,oje1_0.customer_id,oje1_0.discount_amount,oje1_0.paid_at,oje1_0.payment_reference,oje1_0.placed_at,oje1_0.postal_code,oje1_0.shipped_at,oje1_0.status,oje1_0.street,oje1_0.total_amount,oje1_0.tracking_number,oje1_0.version,l1_0.order_id,l1_0.id,l1_0.product_id,l1_0.product_name,l1_0.quantity,l1_0.unit_price from orders oje1_0 left join order_lines l1_0 on oje1_0.id=l1_0.order_id where oje1_0.id=?
Hibernate: insert into orders (cancellation_reason,cancelled_at,city,country_code,created_at,currency,customer_id,discount_amount,paid_at,payment_reference,placed_at,postal_code,shipped_at,status,street,total_amount,tracking_number,version,id) values (?,?,?,?,?,?,?,?,?,?,?,?,?,?,?,?,?,?,?)
Hibernate: insert into order_lines (order_id,product_id,product_name,quantity,unit_price,id) values (?,?,?,?,?,?)
Hibernate: insert into order_lines (order_id,product_id,product_name,quantity,unit_price,id) values (?,?,?,?,?,?)
Hibernate: update order_lines set order_id=? where id=?
Hibernate: update order_lines set order_id=? where id=?
Hibernate: select oje1_0.id,oje1_0.cancellation_reason,oje1_0.cancelled_at,oje1_0.city,oje1_0.country_code,oje1_0.created_at,oje1_0.currency,oje1_0.customer_id,oje1_0.discount_amount,oje1_0.paid_at,oje1_0.payment_reference,oje1_0.placed_at,oje1_0.postal_code,oje1_0.shipped_at,oje1_0.status,oje1_0.street,oje1_0.total_amount,oje1_0.tracking_number,oje1_0.version,l1_0.order_id,l1_0.id,l1_0.product_id,l1_0.product_name,l1_0.quantity,l1_0.unit_price from orders oje1_0 left join order_lines l1_0 on oje1_0.id=l1_0.order_id where oje1_0.id=?
Hibernate: update order_lines set product_id=?,product_name=?,quantity=?,unit_price=? where id=?
Hibernate: update orders set cancellation_reason=?,cancelled_at=?,city=?,country_code=?,created_at=?,currency=?,customer_id=?,discount_amount=?,paid_at=?,payment_reference=?,placed_at=?,postal_code=?,shipped_at=?,status=?,street=?,total_amount=?,tracking_number=?,version=? where id=? and version=?
Hibernate: select oje1_0.id,oje1_0.cancellation_reason,oje1_0.cancelled_at,oje1_0.city,oje1_0.country_code,oje1_0.created_at,oje1_0.currency,oje1_0.customer_id,oje1_0.discount_amount,oje1_0.paid_at,oje1_0.payment_reference,oje1_0.placed_at,oje1_0.postal_code,oje1_0.shipped_at,oje1_0.status,oje1_0.street,oje1_0.total_amount,oje1_0.tracking_number,oje1_0.version,l1_0.order_id,l1_0.id,l1_0.product_id,l1_0.product_name,l1_0.quantity,l1_0.unit_price from orders oje1_0 left join order_lines l1_0 on oje1_0.id=l1_0.order_id where oje1_0.id=?
]]></system-out>
  </testcase>
  <testcase name="roundTripsFaithfully" classname="com.acme.orders.adapter.out.persistence.OrderPersistenceAdapterTest" time="0.007">
    <system-out><![CDATA[Hibernate: select oje1_0.id,oje1_0.cancellation_reason,oje1_0.cancelled_at,oje1_0.city,oje1_0.country_code,oje1_0.created_at,oje1_0.currency,oje1_0.customer_id,oje1_0.discount_amount,oje1_0.paid_at,oje1_0.payment_reference,oje1_0.placed_at,oje1_0.postal_code,oje1_0.shipped_at,oje1_0.status,oje1_0.street,oje1_0.total_amount,oje1_0.tracking_number,oje1_0.version,l1_0.order_id,l1_0.id,l1_0.product_id,l1_0.product_name,l1_0.quantity,l1_0.unit_price from orders oje1_0 left join order_lines l1_0 on oje1_0.id=l1_0.order_id where oje1_0.id=?
Hibernate: insert into orders (cancellation_reason,cancelled_at,city,country_code,created_at,currency,customer_id,discount_amount,paid_at,payment_reference,placed_at,postal_code,shipped_at,status,street,total_amount,tracking_number,version,id) values (?,?,?,?,?,?,?,?,?,?,?,?,?,?,?,?,?,?,?)
Hibernate: insert into order_lines (order_id,product_id,product_name,quantity,unit_price,id) values (?,?,?,?,?,?)
Hibernate: insert into order_lines (order_id,product_id,product_name,quantity,unit_price,id) values (?,?,?,?,?,?)
Hibernate: update order_lines set order_id=? where id=?
Hibernate: update order_lines set order_id=? where id=?
Hibernate: select oje1_0.id,oje1_0.cancellation_reason,oje1_0.cancelled_at,oje1_0.city,oje1_0.country_code,oje1_0.created_at,oje1_0.currency,oje1_0.customer_id,oje1_0.discount_amount,oje1_0.paid_at,oje1_0.payment_reference,oje1_0.placed_at,oje1_0.postal_code,oje1_0.shipped_at,oje1_0.status,oje1_0.street,oje1_0.total_amount,oje1_0.tracking_number,oje1_0.version,l1_0.order_id,l1_0.id,l1_0.product_id,l1_0.product_name,l1_0.quantity,l1_0.unit_price from orders oje1_0 left join order_lines l1_0 on oje1_0.id=l1_0.order_id where oje1_0.id=?
]]></system-out>
  </testcase>
</testsuite>