<?xml version="1.0" encoding="UTF-8"?>
<testsuite xmlns:xsi="http://www.w3.org/2001/XMLSchema-instance" xsi:noNamespaceSchemaLocation="https://maven.apache.org/surefire/maven-surefire-plugin/xsd/surefire-test-report.xsd" version="3.0.2" name="com.acme.orders.bootstrap.architecture.HexagonalArchitectureTest" time="0.923" tests="14" errors="0" skipped="0" failures="0">
  <properties>
[...]
</properties>
  <testcase name="dependencies_point_inwards" classname="HexagonalArchitectureTest" time="0.846">
    <system-out><![CDATA[13:48:27.095 [main] INFO com.tngtech.archunit.core.PluginLoader -- Detected Java version 25.0.4.1
]]></system-out>
  </testcase>
  <testcase name="domain_depends_on_nothing_but_the_jdk" classname="HexagonalArchitectureTest" time="0.001"/>
  <testcase name="application_depends_only_on_the_domain_and_the_jdk" classname="HexagonalArchitectureTest" time="0.002"/>
  <testcase name="core_is_free_of_framework_annotations" classname="HexagonalArchitectureTest" time="0.002"/>
  <testcase name="domain_does_not_know_about_persistence_or_transport" classname="HexagonalArchitectureTest" time="0.005"/>
  <testcase name="rest_adapter_is_independent_of_the_others" classname="HexagonalArchitectureTest" time="0.001"/>
  <testcase name="persistence_adapter_is_independent_of_the_others" classname="HexagonalArchitectureTest" time="0.014"/>
  <testcase name="messaging_adapter_is_independent_of_the_others" classname="HexagonalArchitectureTest" time="0.0"/>
  <testcase name="only_persistence_uses_jpa" classname="HexagonalArchitectureTest" time="0.001"/>
  <testcase name="only_rest_adapter_uses_web_types" classname="HexagonalArchitectureTest" time="0.002"/>
  <testcase name="spring_data_stays_behind_the_port" classname="HexagonalArchitectureTest" time="0.001"/>
  <testcase name="ports_are_interfaces" classname="HexagonalArchitectureTest" time="0.001"/>
  <testcase name="adapters_never_call_use_case_implementations_directly" classname="HexagonalArchitectureTest" time="0.001"/>
  <testcase name="no_cycles_between_slices" classname="HexagonalArchitectureTest" time="0.042"/>
</testsuite>