<?xml version="1.0" encoding="UTF-8"?>
<testsuite xmlns:xsi="http://www.w3.org/2001/XMLSchema-instance" xsi:noNamespaceSchemaLocation="https://maven.apache.org/surefire/maven-surefire-plugin/xsd/surefire-test-report.xsd" version="3.0.2" name="com.acme.orders.bootstrap.integration.OrderApiIntegrationTest" time="3.675" tests="9" errors="0" skipped="0" failures="0">
  <properties>
[...]
</properties>
  <testcase name="fullPurchaseOverHttp" classname="com.acme.orders.bootstrap.integration.OrderApiIntegrationTest" time="0.645">
    <system-out><![CDATA[13:48:28.082 [main] INFO org.springframework.test.context.support.AnnotationConfigContextLoaderUtils -- Could not detect default configuration classes for test class [com.acme.orders.bootstrap.integration.OrderApiIntegrationTest]: OrderApiIntegrationTest does not declare any static, non-private, non-final, nested classes annotated with @Configuration.
13:48:28.128 [main] INFO org.springframework.boot.test.context.SpringBootTestContextBootstrapper -- Found @SpringBootConfiguration com.acme.orders.bootstrap.OrderServiceApplication for test class com.acme.orders.bootstrap.integration.OrderApiIntegrationTest
13:48:28.161 [main] INFO org.springframework.test.context.support.AnnotationConfigContextLoaderUtils -- Could not detect default configuration classes for test class [com.acme.orders.bootstrap.integration.OrderApiIntegrationTest]: OrderApiIntegrationTest does not declare any static, non-private, non-final, nested classes annotated with @Configuration.
13:48:28.163 [main] INFO org.springframework.boot.test.context.SpringBootTestContextBootstrapper -- Found @SpringBootConfiguration com.acme.orders.bootstrap.OrderServiceApplication for test class com.acme.orders.bootstrap.integration.OrderApiIntegrationTest

  .   ____          _            __ _ _
 /\\ / ___'_ __ _ _(_)_ __  __ _ \ \ \ \
( ( )\___ | '_ | '_| | '_ \/ _` | \ \ \ \
 \\/  ___)| |_)| | | | | || (_| |  ) ) ) )
  '  |____| .__|_| |_|_| |_\__, | / / / /
 =========|_|==============|___/=/_/_/_/

 :: Spring Boot ::                (v4.1.1)

2026-09-12T13:48:28.361+07:00  INFO 8204 --- [order-service] [           main] c.a.o.b.i.OrderApiIntegrationTest        : Starting OrderApiIntegrationTest using Java 25.0.4.1 with PID 8204 (started by tungle in /Users/tungle/Data/java.hexagonal.architecture/order-bootstrap)
2026-09-12T13:48:28.363+07:00  INFO 8204 --- [order-service] [           main] c.a.o.b.i.OrderApiIntegrationTest        : The following 1 profile is active: "test"
2026-09-12T13:48:28.671+07:00  INFO 8204 --- [order-service] [           main] .s.d.r.c.RepositoryConfigurationDelegate : Bootstrapping Spring Data JPA repositories in DEFAULT mode.
2026-09-12T13:48:28.698+07:00  INFO 8204 --- [order-service] [           main] .s.d.r.c.RepositoryConfigurationDelegate : Finished Spring Data repository scanning in 22 ms. Found 2 JPA repository interfaces.
2026-09-12T13:48:29.117+07:00  INFO 8204 --- [order-service] [           main] com.zaxxer.hikari.HikariDataSource       : orders-pool - Starting...
2026-09-12T13:48:29.205+07:00  INFO 8204 --- [order-service] [           main] com.zaxxer.hikari.pool.HikariPool        : orders-pool - Added connection conn0: url=jdbc:h2:mem:orders-test user=SA
2026-09-12T13:48:29.205+07:00  INFO 8204 --- [order-service] [           main] com.zaxxer.hikari.HikariDataSource       : orders-pool - Start completed.
2026-09-12T13:48:29.212+07:00  INFO 8204 --- [order-service] [           main] org.flywaydb.core.FlywayExecutor         : Database: jdbc:h2:mem:orders-test (H2 2.4)
2026-09-12T13:48:29.241+07:00  WARN 8204 --- [order-service] [           main] o.f.c.internal.database.base.Database    : Using H2 2.4.240 which is newer than the version Flyway has been verified with. The latest verified version of H2 is 2.3.232.
2026-09-12T13:48:29.254+07:00  INFO 8204 --- [order-service] [           main] o.f.c.i.s.JdbcTableSchemaHistory         : Schema history table "PUBLIC"."flyway_schema_history" does not exist yet
2026-09-12T13:48:29.255+07:00  INFO 8204 --- [order-service] [           main] o.f.core.internal.command.DbValidate     : Successfully validated 1 migration (execution time 00:00.006s)
2026-09-12T13:48:29.258+07:00  INFO 8204 --- [order-service] [           main] org.flywaydb.core.Flyway                 : All configured schemas are empty; a baseline marker will not be added to Flyway's schema history table. A baseline or migration script with a lower version than the baseline version may execute if available. Check the Schemas parameter if this is not intended. See https://help.red-gate.com/help/flyway-cli12/help_4.aspx?topic=baseline-on-migrate for more info
2026-09-12T13:48:29.258+07:00  INFO 8204 --- [order-service] [           main] o.f.c.i.s.JdbcTableSchemaHistory         : Creating Schema History table "PUBLIC"."flyway_schema_history" ...
2026-09-12T13:48:29.276+07:00  INFO 8204 --- [order-service] [           main] o.f.core.internal.command.DbMigrate      : Current version of schema "PUBLIC": << Empty Schema >>
2026-09-12T13:48:29.284+07:00  INFO 8204 --- [order-service] [           main] o.f.core.internal.command.DbMigrate      : Migrating schema "PUBLIC" to version "1 - create order schema"
2026-09-12T13:48:29.300+07:00  INFO 8204 --- [order-service] [           main] o.f.core.internal.command.DbMigrate      : Successfully applied 1 migration to schema "PUBLIC", now at version v1 (execution time 00:00.010s)
2026-09-12T13:48:29.356+07:00  INFO 8204 --- [order-service] [           main] org.hibernate.orm.jpa                    : HHH008540: Processing PersistenceUnitInfo [name: default]
2026-09-12T13:48:29.386+07:00  INFO 8204 --- [order-service] [           main] org.hibernate.orm.core                   : HHH000001: Hibernate ORM core version 7.4.5.Final
2026-09-12T13:48:29.569+07:00  INFO 8204 --- [order-service] [           main] o.s.o.j.p.SpringPersistenceUnitInfo      : No LoadTimeWeaver setup: ignoring JPA class transformer
2026-09-12T13:48:29.614+07:00  INFO 8204 --- [order-service] [           main] org.hibernate.orm.connections.pooling    : HHH10001005: Database info:
	Database JDBC URL [jdbc:h2:mem:orders-test]
	Database driver: H2 JDBC Driver
	Database dialect: H2Dialect
	Database version: 2.4.240
	Default catalog/schema: ORDERS-TEST/PUBLIC
	Autocommit mode: undefined/unknown
	Isolation level: READ_COMMITTED [default READ_COMMITTED]
	JDBC fetch size: 100
	Pool: DataSourceConnectionProvider
	Minimum pool size: undefined/unknown
	Maximum pool size: undefined/unknown
2026-09-12T13:48:30.075+07:00  INFO 8204 --- [order-service] [           main] org.hibernate.orm.core                   : HHH000489: No JTA platform available (set 'hibernate.transaction.jta.platform' to enable JTA platform integration)
2026-09-12T13:48:30.077+07:00  INFO 8204 --- [order-service] [           main] org.hibernate.orm.jdbc.batch             : HHH100501: Automatic JDBC statement batching enabled (maximum batch size 50)
2026-09-12T13:48:30.079+07:00  INFO 8204 --- [order-service] [           main] j.LocalContainerEntityManagerFactoryBean : Initialized JPA EntityManagerFactory for persistence unit 'default'
2026-09-12T13:48:30.126+07:00  INFO 8204 --- [order-service] [           main] o.s.d.j.r.query.QueryEnhancerFactories   : Hibernate is in classpath; If applicable, HQL parser will be used.
2026-09-12T13:48:30.741+07:00  INFO 8204 --- [order-service] [           main] o.s.b.t.m.w.SpringBootMockServletContext : Initializing Spring TestDispatcherServlet ''
2026-09-12T13:48:30.741+07:00  INFO 8204 --- [order-service] [           main] o.s.t.web.servlet.TestDispatcherServlet  : Initializing Servlet ''
2026-09-12T13:48:30.750+07:00  INFO 8204 --- [order-service] [           main] o.s.b.a.e.web.EndpointLinksResolver      : Exposing 3 endpoints beneath base path '/actuator'
2026-09-12T13:48:30.760+07:00  INFO 8204 --- [order-service] [           main] o.s.t.web.servlet.TestDispatcherServlet  : Completed initialization in 17 ms
2026-09-12T13:48:30.838+07:00  INFO 8204 --- [order-service] [           main] c.a.o.b.i.OrderApiIntegrationTest        : Started OrderApiIntegrationTest in 2.648 seconds (process running for 4.158)
]]></system-out>
    <system-err><![CDATA[Mockito is currently self-attaching to enable the inline-mock-maker. This will no longer work in future releases of the JDK. Please add Mockito as an agent to your build as described in Mockito's documentation: https://javadoc.io/doc/org.mockito/mockito-core/latest/org.mockito/org/mockito/Mockito.html#0.3
WARNING: A Java agent has been loaded dynamically (/Users/tungle/.m2/repository/net/bytebuddy/byte-buddy-agent/1.18.11/byte-buddy-agent-1.18.11.jar)
WARNING: If a serviceability tool is in use, please run with -XX:+EnableDynamicAgentLoading to hide this warning
WARNING: If a serviceability tool is not in use, please run with -Djdk.instrument.traceUsage for more information
WARNING: Dynamic loading of agents will be disallowed by default in a future release
]]></system-err>
  </testcase>
  <testcase name="repeatedProductsMerge" classname="com.acme.orders.bootstrap.integration.OrderApiIntegrationTest" time="0.04"/>
  <testcase name="emptyOrderCannotBePlaced" classname="com.acme.orders.bootstrap.integration.OrderApiIntegrationTest" time="0.013"/>
  <testcase name="draftLinesCanBeEdited" classname="com.acme.orders.bootstrap.integration.OrderApiIntegrationTest" time="0.025"/>
  <testcase name="currencyMismatchIsUnprocessable" classname="com.acme.orders.bootstrap.integration.OrderApiIntegrationTest" time="0.01"/>
  <testcase name="placedOrdersAreFrozen" classname="com.acme.orders.bootstrap.integration.OrderApiIntegrationTest" time="0.015"/>
  <testcase name="unknownOrderIsNotFound" classname="com.acme.orders.bootstrap.integration.OrderApiIntegrationTest" time="0.003"/>
  <testcase name="malformedRequestsAreRejected" classname="com.acme.orders.bootstrap.integration.OrderApiIntegrationTest" time="0.006"/>
  <testcase name="eventsGoThroughTheOutbox" classname="com.acme.orders.bootstrap.integration.OrderApiIntegrationTest" time="0.04">
    <system-out><![CDATA[2026-09-12T13:48:31.693+07:00  INFO 8204 --- [order-service] [           main] c.a.o.a.o.m.LoggingEventMessagePublisher : publishing event type=OrderPlaced aggregate=Order:29e48fe8-63b9-4542-a69c-21300f4eed1b eventId=e8da0935-9cfc-4d69-937c-c9aa38c828bc occurredAt=2026-09-12T06:48:31.320738Z payload={"eventId":"e8da0935-9cfc-4d69-937c-c9aa38c828bc","occurredAt":"2026-09-12T06:48:31.320738Z","orderId":"29e48fe8-63b9-4542-a69c-21300f4eed1b","customerId":"8da2ba19-e481-4f35-adb3-5ee93daf2e45","subtotal":{"amount":240.00,"currency":"EUR","negative":false,"zero":false},"discount":{"amount":12.00,"currency":"EUR","negative":false,"zero":false},"total":{"amount":228.00,"currency":"EUR","negative":false,"zero":false},"lines":[{"productId":"2395de50-ac38-4de8-aeb8-1dd05fcc0781","productName":"Mechanical keyboard","quantity":2,"unitPrice":{"amount":120.00,"currency":"EUR","negative":false,"zero":false},"lineTotal":{"amount":240.00,"currency":"EUR","negative":false,"zero":false}}]}
2026-09-12T13:48:31.695+07:00  INFO 8204 --- [order-service] [           main] c.a.o.a.o.m.LoggingEventMessagePublisher : publishing event type=OrderPaid aggregate=Order:29e48fe8-63b9-4542-a69c-21300f4eed1b eventId=7fddbe12-e7a4-4bed-ab7f-df66a5a2c04d occurredAt=2026-09-12T06:48:31.334532Z payload={"eventId":"7fddbe12-e7a4-4bed-ab7f-df66a5a2c04d","occurredAt":"2026-09-12T06:48:31.334532Z","orderId":"29e48fe8-63b9-4542-a69c-21300f4eed1b","customerId":"8da2ba19-e481-4f35-adb3-5ee93daf2e45","amountPaid":{"amount":228.00,"currency":"EUR","negative":false,"zero":false},"paymentReference":"stripe-ch-1"}
2026-09-12T13:48:31.696+07:00  INFO 8204 --- [order-service] [           main] c.a.o.a.o.m.LoggingEventMessagePublisher : publishing event type=OrderShipped aggregate=Order:29e48fe8-63b9-4542-a69c-21300f4eed1b eventId=bdc0f7de-83c6-41b5-b55f-33680391a6b6 occurredAt=2026-09-12T06:48:31.341940Z payload={"eventId":"bdc0f7de-83c6-41b5-b55f-33680391a6b6","occurredAt":"2026-09-12T06:48:31.341940Z","orderId":"29e48fe8-63b9-4542-a69c-21300f4eed1b","customerId":"8da2ba19-e481-4f35-adb3-5ee93daf2e45","trackingNumber":"TRACK-99","shippingAddress":{"street":"Kerkstraat 1","city":"Amsterdam","postalCode":"1012 AB","countryCode":"NL"}}
2026-09-12T13:48:31.697+07:00  INFO 8204 --- [order-service] [           main] c.a.o.a.o.m.LoggingEventMessagePublisher : publishing event type=OrderPlaced aggregate=Order:d3b081a0-1802-43b4-b3f6-4bada63c2715 eventId=2f1d2b16-f342-4f96-bf32-26ee63664f00 occurredAt=2026-09-12T06:48:31.645149Z payload={"eventId":"2f1d2b16-f342-4f96-bf32-26ee63664f00","occurredAt":"2026-09-12T06:48:31.645149Z","orderId":"d3b081a0-1802-43b4-b3f6-4bada63c2715","customerId":"9939c128-2290-42f5-a46c-0a9d7263231d","subtotal":{"amount":45.00,"currency":"EUR","negative":false,"zero":false},"discount":{"amount":0.00,"currency":"EUR","negative":false,"zero":true},"total":{"amount":45.00,"currency":"EUR","negative":false,"zero":false},"lines":[{"productId":"c12981c4-72ed-42b4-a313-4a87d881c9ad","productName":"Trackball","quantity":1,"unitPrice":{"amount":45.00,"currency":"EUR","negative":false,"zero":false},"lineTotal":{"amount":45.00,"currency":"EUR","negative":false,"zero":false}}]}
2026-09-12T13:48:31.698+07:00  INFO 8204 --- [order-service] [           main] c.a.o.a.o.m.LoggingEventMessagePublisher : publishing event type=OrderPlaced aggregate=Order:34b7ab96-e943-4f18-a109-e814a2cc177c eventId=1c2655ec-8ac0-47ed-a4a7-312c967f9847 occurredAt=2026-09-12T06:48:31.685698Z payload={"eventId":"1c2655ec-8ac0-47ed-a4a7-312c967f9847","occurredAt":"2026-09-12T06:48:31.685698Z","orderId":"34b7ab96-e943-4f18-a109-e814a2cc177c","customerId":"62ff0553-9a6d-4a5a-b409-a7f49d27ccf6","subtotal":{"amount":10.00,"currency":"EUR","negative":false,"zero":false},"discount":{"amount":0.00,"currency":"EUR","negative":false,"zero":true},"total":{"amount":10.00,"currency":"EUR","negative":false,"zero":false},"lines":[{"productId":"11f4d6da-67c6-4c39-a589-99581cadbfdc","productName":"Widget","quantity":1,"unitPrice":{"amount":10.00,"currency":"EUR","negative":false,"zero":false},"lineTotal":{"amount":10.00,"currency":"EUR","negative":false,"zero":false}}]}
]]></system-out>
  </testcase>
</testsuite>