<?xml version="1.0" encoding="UTF-8"?>
<testsuite xmlns:xsi="http://www.w3.org/2001/XMLSchema-instance" xsi:noNamespaceSchemaLocation="https://maven.apache.org/surefire/maven-surefire-plugin/xsd/surefire-test-report.xsd" version="3.0.2" name="com.acme.orders.domain.model.order.OrderDraftEditingTest" time="0.093" tests="9" errors="0" skipped="0" failures="0">
  <properties>
[...]
</properties>
  <testcase name="newDraftIsEmpty" classname="com.acme.orders.domain.model.order.OrderDraftEditingTest" time="0.057"/>
  <testcase name="removingLineReprices" classname="com.acme.orders.domain.model.order.OrderDraftEditingTest" time="0.002"/>
  <testcase name="changingQuantityReprices" classname="com.acme.orders.domain.model.order.OrderDraftEditingTest" time="0.001"/>
  <testcase name="unknownLineIsRejected" classname="com.acme.orders.domain.model.order.OrderDraftEditingTest" time="0.003"/>
  <testcase name="linesViewIsImmutable" classname="com.acme.orders.domain.model.order.OrderDraftEditingTest" time="0.001"/>
  <testcase name="addingSameProductMergesQuantities" classname="com.acme.orders.domain.model.order.OrderDraftEditingTest" time="0.001"/>
  <testcase name="lineCurrencyMustMatchTheOrder" classname="com.acme.orders.domain.model.order.OrderDraftEditingTest" time="0.001"/>
  <testcase name="linesAreFrozenAfterPlacement" classname="com.acme.orders.domain.model.order.OrderDraftEditingTest" time="0.002"/>
  <testcase name="totalIsDerivedFromLines" classname="com.acme.orders.domain.model.order.OrderDraftEditingTest" time="0.003"/>
</testsuite>