<?xml version="1.0" encoding="UTF-8"?>
<testsuite xmlns:xsi="http://www.w3.org/2001/XMLSchema-instance" xsi:noNamespaceSchemaLocation="https://maven.apache.org/surefire/maven-surefire-plugin/xsd/surefire-test-report.xsd" version="3.0.2" name="com.acme.orders.application.usecase.OrderUseCasesTest" time="0.113" tests="12" errors="0" skipped="0" failures="0">
  <properties>
[...]
</properties>
  <testcase name="oneTransactionPerCommand" classname="com.acme.orders.application.usecase.OrderUseCasesTest" time="0.05"/>
  <testcase name="returnsThePersistedVersion" classname="com.acme.orders.application.usecase.OrderUseCasesTest" time="0.003"/>
  <testcase name="invalidQuantityIsRejected" classname="com.acme.orders.application.usecase.OrderUseCasesTest" time="0.003"/>
  <testcase name="commandsReadInsideTheirTransaction" classname="com.acme.orders.application.usecase.OrderUseCasesTest" time="0.002"/>
  <testcase name="domainFailuresPublishNothing" classname="com.acme.orders.application.usecase.OrderUseCasesTest" time="0.008"/>
  <testcase name="unknownOrderIsReported" classname="com.acme.orders.application.usecase.OrderUseCasesTest" time="0.001"/>
  <testcase name="lineEditsAreNotBusinessEvents" classname="com.acme.orders.application.usecase.OrderUseCasesTest" time="0.004"/>
  <testcase name="malformedCommandsAreRejectedEarly" classname="com.acme.orders.application.usecase.OrderUseCasesTest" time="0.002"/>
  <testcase name="cancellingPublishesOrigin" classname="com.acme.orders.application.usecase.OrderUseCasesTest" time="0.002"/>
  <testcase name="staleWritesAreRefused" classname="com.acme.orders.application.usecase.OrderUseCasesTest" time="0.001"/>
  <testcase name="createsADraft" classname="com.acme.orders.application.usecase.OrderUseCasesTest" time="0.001"/>
  <testcase name="fullHappyPath" classname="com.acme.orders.application.usecase.OrderUseCasesTest" time="0.003"/>
</testsuite>